<?xml version="1.0" encoding="UTF-8"?>
<coverage generated="1705335295477" clover="3.2.0">
  <project timestamp="1705335295477" name="All files">
    <metrics statements="13" coveredstatements="12" conditionals="8" coveredconditionals="7" methods="3" coveredmethods="3" elements="24" coveredelements="22" complexity="0" loc="13" ncloc="13" packages="1" files="1" classes="1"/>
    <file name="validations.js" path="C:\Users\antho\Desktop\exam devops\devops_exam_2024\src\services\validations.js">
      <metrics statements="13" coveredstatements="12" conditionals="8" coveredconditionals="7" methods="3" coveredmethods="3"/>
      <line num="2" count="1" type="stmt"/>
      <line num="3" count="3" type="cond" truecount="2" falsecount="0"/>
      <line num="4" count="1" type="stmt"/>
      <line num="7" count="2" type="stmt"/>
      <line num="8" count="14" type="cond" truecount="2" falsecount="0"/>
      <line num="9" count="1" type="stmt"/>
      <line num="12" count="1" type="stmt"/>
      <line num="13" count="18" type="cond" truecount="1" falsecount="1"/>
      <line num="14" count="0" type="stmt"/>
      <line num="18" count="1" type="stmt"/>
      <line num="22" count="1" type="stmt"/>
      <line num="23" count="18" type="cond" truecount="2" falsecount="0"/>
      <line num="26" count="1" type="stmt"/>
    </file>
  </project>
</coverage>
